{"/Users/satyam.yadav/Dashboard/my-app/src/index.js": {"path":"/Users/satyam.yadav/Dashboard/my-app/src/index.js","statementMap":{"0":{"start":{"line":9,"column":0},"end":{"line":18,"column":2}},"1":{"start":{"line":20,"column":0},"end":{"line":20,"column":18}}},"fnMap":{},"branchMap":{},"s":{"0":0,"1":0},"f":{},"b":{}}
,"/Users/satyam.yadav/Dashboard/my-app/src/apis/axiosInstances/CandidateService.js": {"path":"/Users/satyam.yadav/Dashboard/my-app/src/apis/axiosInstances/CandidateService.js","statementMap":{"0":{"start":{"line":4,"column":21},"end":{"line":7,"column":2}},"1":{"start":{"line":9,"column":0},"end":{"line":14,"column":2}},"2":{"start":{"line":10,"column":16},"end":{"line":10,"column":29}},"3":{"start":{"line":12,"column":4},"end":{"line":12,"column":33}}},"fnMap":{"0":{"name":"(anonymous_0)","decl":{"start":{"line":10,"column":2},"end":{"line":10,"column":3}},"loc":{"start":{"line":10,"column":16},"end":{"line":10,"column":29}},"line":10},"1":{"name":"(anonymous_1)","decl":{"start":{"line":11,"column":2},"end":{"line":11,"column":3}},"loc":{"start":{"line":11,"column":13},"end":{"line":13,"column":3}},"line":11}},"branchMap":{},"s":{"0":0,"1":0,"2":0,"3":0},"f":{"0":0,"1":0},"b":{}}
,"/Users/satyam.yadav/Dashboard/my-app/src/components/Badge/index.js": {"path":"/Users/satyam.yadav/Dashboard/my-app/src/components/Badge/index.js","statementMap":{"0":{"start":{"line":4,"column":14},"end":{"line":6,"column":1}},"1":{"start":{"line":5,"column":2},"end":{"line":5,"column":48}},"2":{"start":{"line":7,"column":0},"end":{"line":9,"column":2}}},"fnMap":{"0":{"name":"(anonymous_0)","decl":{"start":{"line":4,"column":14},"end":{"line":4,"column":15}},"loc":{"start":{"line":4,"column":29},"end":{"line":6,"column":1}},"line":4}},"branchMap":{},"s":{"0":1,"1":24,"2":1},"f":{"0":24},"b":{},"_coverageSchema":"1a1c01bbd47fc00a2c39e90264f33305004495a9","hash":"f4287f9dd2c7a7e401878158dbc4bd0d47f737ab"}
,"/Users/satyam.yadav/Dashboard/my-app/src/components/Card/index.js": {"path":"/Users/satyam.yadav/Dashboard/my-app/src/components/Card/index.js","statementMap":{"0":{"start":{"line":5,"column":13},"end":{"line":12,"column":1}},"1":{"start":{"line":6,"column":2},"end":{"line":11,"column":4}},"2":{"start":{"line":13,"column":0},"end":{"line":18,"column":2}}},"fnMap":{"0":{"name":"(anonymous_0)","decl":{"start":{"line":5,"column":13},"end":{"line":5,"column":14}},"loc":{"start":{"line":5,"column":69},"end":{"line":12,"column":1}},"line":5}},"branchMap":{"0":{"loc":{"start":{"line":5,"column":30},"end":{"line":5,"column":49}},"type":"default-arg","locations":[{"start":{"line":5,"column":38},"end":{"line":5,"column":49}}],"line":5},"1":{"loc":{"start":{"line":8,"column":7},"end":{"line":8,"column":42}},"type":"binary-expr","locations":[{"start":{"line":8,"column":7},"end":{"line":8,"column":13}},{"start":{"line":8,"column":17},"end":{"line":8,"column":42}}],"line":8}},"s":{"0":1,"1":72,"2":1},"f":{"0":72},"b":{"0":[72],"1":[72,48]},"_coverageSchema":"1a1c01bbd47fc00a2c39e90264f33305004495a9","hash":"46f868e0ba9e615aaa7497301884667cfcd9fc04"}
,"/Users/satyam.yadav/Dashboard/my-app/src/components/Filters/index.js": {"path":"/Users/satyam.yadav/Dashboard/my-app/src/components/Filters/index.js","statementMap":{"0":{"start":{"line":5,"column":15},"end":{"line":58,"column":1}},"1":{"start":{"line":6,"column":2},"end":{"line":57,"column":4}},"2":{"start":{"line":16,"column":31},"end":{"line":16,"column":46}},"3":{"start":{"line":27,"column":31},"end":{"line":27,"column":46}},"4":{"start":{"line":36,"column":31},"end":{"line":36,"column":46}},"5":{"start":{"line":60,"column":0},"end":{"line":66,"column":2}}},"fnMap":{"0":{"name":"(anonymous_0)","decl":{"start":{"line":5,"column":15},"end":{"line":5,"column":16}},"loc":{"start":{"line":5,"column":77},"end":{"line":58,"column":1}},"line":5},"1":{"name":"(anonymous_1)","decl":{"start":{"line":16,"column":24},"end":{"line":16,"column":25}},"loc":{"start":{"line":16,"column":31},"end":{"line":16,"column":46}},"line":16},"2":{"name":"(anonymous_2)","decl":{"start":{"line":27,"column":24},"end":{"line":27,"column":25}},"loc":{"start":{"line":27,"column":31},"end":{"line":27,"column":46}},"line":27},"3":{"name":"(anonymous_3)","decl":{"start":{"line":36,"column":24},"end":{"line":36,"column":25}},"loc":{"start":{"line":36,"column":31},"end":{"line":36,"column":46}},"line":36}},"branchMap":{"0":{"loc":{"start":{"line":39,"column":15},"end":{"line":39,"column":73}},"type":"binary-expr","locations":[{"start":{"line":39,"column":15},"end":{"line":39,"column":30}},{"start":{"line":39,"column":34},"end":{"line":39,"column":73}}],"line":39}},"s":{"0":1,"1":24,"2":1,"3":1,"4":0,"5":1},"f":{"0":24,"1":1,"2":1,"3":0},"b":{"0":[24,24]},"_coverageSchema":"1a1c01bbd47fc00a2c39e90264f33305004495a9","hash":"99129723e89269ff6ba00d6e7ad4d2cdc9594a8c"}
,"/Users/satyam.yadav/Dashboard/my-app/src/components/Loader/index.js": {"path":"/Users/satyam.yadav/Dashboard/my-app/src/components/Loader/index.js","statementMap":{"0":{"start":{"line":5,"column":15},"end":{"line":23,"column":1}},"1":{"start":{"line":6,"column":2},"end":{"line":22,"column":11}},"2":{"start":{"line":25,"column":0},"end":{"line":27,"column":2}},"3":{"start":{"line":29,"column":0},"end":{"line":31,"column":2}}},"fnMap":{"0":{"name":"(anonymous_0)","decl":{"start":{"line":5,"column":15},"end":{"line":5,"column":16}},"loc":{"start":{"line":5,"column":32},"end":{"line":23,"column":1}},"line":5}},"branchMap":{"0":{"loc":{"start":{"line":6,"column":9},"end":{"line":22,"column":10}},"type":"cond-expr","locations":[{"start":{"line":7,"column":4},"end":{"line":21,"column":10}},{"start":{"line":22,"column":6},"end":{"line":22,"column":10}}],"line":6}},"s":{"0":1,"1":24,"2":1,"3":1},"f":{"0":24},"b":{"0":[8,16]},"_coverageSchema":"1a1c01bbd47fc00a2c39e90264f33305004495a9","hash":"86564129649ea663291960053a3e4bd0f7714e7a"}
,"/Users/satyam.yadav/Dashboard/my-app/src/components/Pagination/index.js": {"path":"/Users/satyam.yadav/Dashboard/my-app/src/components/Pagination/index.js","statementMap":{"0":{"start":{"line":6,"column":19},"end":{"line":74,"column":1}},"1":{"start":{"line":14,"column":6},"end":{"line":14,"column":11}},"2":{"start":{"line":16,"column":26},"end":{"line":21,"column":4}},"3":{"start":{"line":23,"column":2},"end":{"line":25,"column":3}},"4":{"start":{"line":24,"column":4},"end":{"line":24,"column":16}},"5":{"start":{"line":27,"column":17},"end":{"line":29,"column":3}},"6":{"start":{"line":28,"column":4},"end":{"line":28,"column":34}},"7":{"start":{"line":31,"column":21},"end":{"line":33,"column":3}},"8":{"start":{"line":32,"column":4},"end":{"line":32,"column":34}},"9":{"start":{"line":35,"column":17},"end":{"line":35,"column":60}},"10":{"start":{"line":36,"column":2},"end":{"line":73,"column":4}},"11":{"start":{"line":49,"column":8},"end":{"line":51,"column":9}},"12":{"start":{"line":50,"column":10},"end":{"line":50,"column":67}},"13":{"start":{"line":53,"column":8},"end":{"line":62,"column":10}},"14":{"start":{"line":58,"column":27},"end":{"line":58,"column":51}},"15":{"start":{"line":76,"column":0},"end":{"line":83,"column":2}}},"fnMap":{"0":{"name":"(anonymous_0)","decl":{"start":{"line":6,"column":19},"end":{"line":6,"column":20}},"loc":{"start":{"line":6,"column":30},"end":{"line":74,"column":1}},"line":6},"1":{"name":"(anonymous_1)","decl":{"start":{"line":27,"column":17},"end":{"line":27,"column":18}},"loc":{"start":{"line":27,"column":23},"end":{"line":29,"column":3}},"line":27},"2":{"name":"(anonymous_2)","decl":{"start":{"line":31,"column":21},"end":{"line":31,"column":22}},"loc":{"start":{"line":31,"column":27},"end":{"line":33,"column":3}},"line":31},"3":{"name":"(anonymous_3)","decl":{"start":{"line":48,"column":27},"end":{"line":48,"column":28}},"loc":{"start":{"line":48,"column":43},"end":{"line":63,"column":7}},"line":48},"4":{"name":"(anonymous_4)","decl":{"start":{"line":58,"column":21},"end":{"line":58,"column":22}},"loc":{"start":{"line":58,"column":27},"end":{"line":58,"column":51}},"line":58}},"branchMap":{"0":{"loc":{"start":{"line":10,"column":4},"end":{"line":10,"column":20}},"type":"default-arg","locations":[{"start":{"line":10,"column":19},"end":{"line":10,"column":20}}],"line":10},"1":{"loc":{"start":{"line":23,"column":2},"end":{"line":25,"column":3}},"type":"if","locations":[{"start":{"line":23,"column":2},"end":{"line":25,"column":3}},{"start":{},"end":{}}],"line":23},"2":{"loc":{"start":{"line":23,"column":6},"end":{"line":23,"column":53}},"type":"binary-expr","locations":[{"start":{"line":23,"column":6},"end":{"line":23,"column":23}},{"start":{"line":23,"column":27},"end":{"line":23,"column":53}}],"line":23},"3":{"loc":{"start":{"line":49,"column":8},"end":{"line":51,"column":9}},"type":"if","locations":[{"start":{"line":49,"column":8},"end":{"line":51,"column":9}},{"start":{},"end":{}}],"line":49}},"s":{"0":1,"1":37,"2":36,"3":36,"4":19,"5":17,"6":0,"7":17,"8":0,"9":17,"10":17,"11":34,"12":0,"13":34,"14":1,"15":1},"f":{"0":37,"1":0,"2":0,"3":34,"4":1},"b":{"0":[36],"1":[19,17],"2":[36,36],"3":[0,34]},"_coverageSchema":"1a1c01bbd47fc00a2c39e90264f33305004495a9","hash":"fc4d869369324b7776173b290513340778230e84"}
,"/Users/satyam.yadav/Dashboard/my-app/src/components/Table/index.js": {"path":"/Users/satyam.yadav/Dashboard/my-app/src/components/Table/index.js","statementMap":{"0":{"start":{"line":9,"column":15},"end":{"line":9,"column":17}},"1":{"start":{"line":10,"column":14},"end":{"line":97,"column":1}},"2":{"start":{"line":11,"column":48},"end":{"line":11,"column":60}},"3":{"start":{"line":13,"column":2},"end":{"line":15,"column":26}},"4":{"start":{"line":14,"column":4},"end":{"line":14,"column":32}},"5":{"start":{"line":17,"column":32},"end":{"line":21,"column":3}},"6":{"start":{"line":18,"column":27},"end":{"line":18,"column":55}},"7":{"start":{"line":19,"column":26},"end":{"line":19,"column":51}},"8":{"start":{"line":20,"column":4},"end":{"line":20,"column":67}},"9":{"start":{"line":23,"column":21},"end":{"line":26,"column":3}},"10":{"start":{"line":24,"column":4},"end":{"line":24,"column":23}},"11":{"start":{"line":25,"column":4},"end":{"line":25,"column":32}},"12":{"start":{"line":28,"column":2},"end":{"line":96,"column":4}},"13":{"start":{"line":36,"column":18},"end":{"line":47,"column":20}},"14":{"start":{"line":41,"column":49},"end":{"line":41,"column":66}},"15":{"start":{"line":54,"column":18},"end":{"line":77,"column":20}},"16":{"start":{"line":92,"column":34},"end":{"line":92,"column":54}},"17":{"start":{"line":99,"column":0},"end":{"line":104,"column":2}}},"fnMap":{"0":{"name":"(anonymous_0)","decl":{"start":{"line":10,"column":14},"end":{"line":10,"column":15}},"loc":{"start":{"line":10,"column":70},"end":{"line":97,"column":1}},"line":10},"1":{"name":"(anonymous_1)","decl":{"start":{"line":13,"column":12},"end":{"line":13,"column":13}},"loc":{"start":{"line":13,"column":18},"end":{"line":15,"column":3}},"line":13},"2":{"name":"(anonymous_2)","decl":{"start":{"line":17,"column":32},"end":{"line":17,"column":33}},"loc":{"start":{"line":17,"column":42},"end":{"line":21,"column":3}},"line":17},"3":{"name":"(anonymous_3)","decl":{"start":{"line":23,"column":21},"end":{"line":23,"column":22}},"loc":{"start":{"line":23,"column":32},"end":{"line":26,"column":3}},"line":23},"4":{"name":"(anonymous_4)","decl":{"start":{"line":35,"column":31},"end":{"line":35,"column":32}},"loc":{"start":{"line":35,"column":51},"end":{"line":48,"column":17}},"line":35},"5":{"name":"(anonymous_5)","decl":{"start":{"line":41,"column":43},"end":{"line":41,"column":44}},"loc":{"start":{"line":41,"column":49},"end":{"line":41,"column":66}},"line":41},"6":{"name":"(anonymous_6)","decl":{"start":{"line":53,"column":37},"end":{"line":53,"column":38}},"loc":{"start":{"line":53,"column":50},"end":{"line":78,"column":17}},"line":53},"7":{"name":"(anonymous_7)","decl":{"start":{"line":92,"column":24},"end":{"line":92,"column":25}},"loc":{"start":{"line":92,"column":34},"end":{"line":92,"column":54}},"line":92}},"branchMap":{"0":{"loc":{"start":{"line":36,"column":25},"end":{"line":47,"column":19}},"type":"cond-expr","locations":[{"start":{"line":41,"column":20},"end":{"line":44,"column":25}},{"start":{"line":46,"column":20},"end":{"line":46,"column":44}}],"line":36},"1":{"loc":{"start":{"line":51,"column":13},"end":{"line":82,"column":13}},"type":"cond-expr","locations":[{"start":{"line":52,"column":14},"end":{"line":79,"column":22}},{"start":{"line":81,"column":14},"end":{"line":81,"column":55}}],"line":51},"2":{"loc":{"start":{"line":68,"column":30},"end":{"line":72,"column":41}},"type":"cond-expr","locations":[{"start":{"line":69,"column":34},"end":{"line":69,"column":39}},{"start":{"line":70,"column":34},"end":{"line":72,"column":41}}],"line":68},"3":{"loc":{"start":{"line":70,"column":34},"end":{"line":72,"column":41}},"type":"cond-expr","locations":[{"start":{"line":71,"column":34},"end":{"line":71,"column":42}},{"start":{"line":72,"column":34},"end":{"line":72,"column":41}}],"line":70},"4":{"loc":{"start":{"line":86,"column":7},"end":{"line":94,"column":7}},"type":"binary-expr","locations":[{"start":{"line":86,"column":7},"end":{"line":86,"column":11}},{"start":{"line":87,"column":8},"end":{"line":93,"column":10}}],"line":86}},"s":{"0":1,"1":1,"2":36,"3":36,"4":16,"5":36,"6":18,"7":18,"8":18,"9":36,"10":2,"11":2,"12":36,"13":288,"14":2,"15":134,"16":1,"17":1},"f":{"0":36,"1":16,"2":18,"3":2,"4":288,"5":2,"6":134,"7":1},"b":{"0":[108,180],"1":[16,20],"2":[68,66],"3":[66,0],"4":[36,36]},"_coverageSchema":"1a1c01bbd47fc00a2c39e90264f33305004495a9","hash":"0fc57569290c6206253b558e74cdc57d5e3a2d17"}
,"/Users/satyam.yadav/Dashboard/my-app/src/components/Tag/index.js": {"path":"/Users/satyam.yadav/Dashboard/my-app/src/components/Tag/index.js","statementMap":{"0":{"start":{"line":5,"column":12},"end":{"line":21,"column":1}},"1":{"start":{"line":7,"column":16},"end":{"line":7,"column":32}},"2":{"start":{"line":8,"column":27},"end":{"line":8,"column":29}},"3":{"start":{"line":9,"column":4},"end":{"line":13,"column":7}},"4":{"start":{"line":10,"column":6},"end":{"line":12,"column":8}},"5":{"start":{"line":14,"column":4},"end":{"line":14,"column":38}},"6":{"start":{"line":16,"column":2},"end":{"line":20,"column":4}},"7":{"start":{"line":22,"column":0},"end":{"line":25,"column":2}}},"fnMap":{"0":{"name":"(anonymous_0)","decl":{"start":{"line":5,"column":12},"end":{"line":5,"column":13}},"loc":{"start":{"line":5,"column":39},"end":{"line":21,"column":1}},"line":5},"1":{"name":"capitalize","decl":{"start":{"line":6,"column":11},"end":{"line":6,"column":21}},"loc":{"start":{"line":6,"column":29},"end":{"line":15,"column":3}},"line":6},"2":{"name":"(anonymous_2)","decl":{"start":{"line":9,"column":18},"end":{"line":9,"column":19}},"loc":{"start":{"line":9,"column":31},"end":{"line":13,"column":5}},"line":9}},"branchMap":{},"s":{"0":1,"1":134,"2":134,"3":134,"4":134,"5":134,"6":134,"7":1},"f":{"0":134,"1":134,"2":134},"b":{},"_coverageSchema":"1a1c01bbd47fc00a2c39e90264f33305004495a9","hash":"9008b2c5f75d8b04f3781284415293f500ddbcb5"}
,"/Users/satyam.yadav/Dashboard/my-app/src/customHooks/usePagination.js": {"path":"/Users/satyam.yadav/Dashboard/my-app/src/customHooks/usePagination.js","statementMap":{"0":{"start":{"line":3,"column":20},"end":{"line":3,"column":25}},"1":{"start":{"line":5,"column":14},"end":{"line":8,"column":1}},"2":{"start":{"line":6,"column":15},"end":{"line":6,"column":30}},"3":{"start":{"line":7,"column":2},"end":{"line":7,"column":57}},"4":{"start":{"line":7,"column":44},"end":{"line":7,"column":55}},"5":{"start":{"line":10,"column":29},"end":{"line":70,"column":1}},"6":{"start":{"line":16,"column":26},"end":{"line":67,"column":55}},"7":{"start":{"line":17,"column":27},"end":{"line":17,"column":59}},"8":{"start":{"line":20,"column":29},"end":{"line":20,"column":45}},"9":{"start":{"line":26,"column":4},"end":{"line":28,"column":5}},"10":{"start":{"line":27,"column":6},"end":{"line":27,"column":38}},"11":{"start":{"line":30,"column":29},"end":{"line":30,"column":68}},"12":{"start":{"line":31,"column":30},"end":{"line":34,"column":5}},"13":{"start":{"line":41,"column":31},"end":{"line":41,"column":51}},"14":{"start":{"line":42,"column":32},"end":{"line":42,"column":70}},"15":{"start":{"line":44,"column":27},"end":{"line":44,"column":28}},"16":{"start":{"line":45,"column":26},"end":{"line":45,"column":40}},"17":{"start":{"line":47,"column":4},"end":{"line":52,"column":5}},"18":{"start":{"line":48,"column":26},"end":{"line":48,"column":46}},"19":{"start":{"line":49,"column":22},"end":{"line":49,"column":45}},"20":{"start":{"line":51,"column":6},"end":{"line":51,"column":50}},"21":{"start":{"line":54,"column":4},"end":{"line":61,"column":5}},"22":{"start":{"line":55,"column":27},"end":{"line":55,"column":47}},"23":{"start":{"line":56,"column":23},"end":{"line":59,"column":7}},"24":{"start":{"line":60,"column":6},"end":{"line":60,"column":51}},"25":{"start":{"line":63,"column":4},"end":{"line":66,"column":5}},"26":{"start":{"line":64,"column":24},"end":{"line":64,"column":66}},"27":{"start":{"line":65,"column":6},"end":{"line":65,"column":73}},"28":{"start":{"line":69,"column":2},"end":{"line":69,"column":25}}},"fnMap":{"0":{"name":"(anonymous_0)","decl":{"start":{"line":5,"column":14},"end":{"line":5,"column":15}},"loc":{"start":{"line":5,"column":30},"end":{"line":8,"column":1}},"line":5},"1":{"name":"(anonymous_1)","decl":{"start":{"line":7,"column":32},"end":{"line":7,"column":33}},"loc":{"start":{"line":7,"column":44},"end":{"line":7,"column":55}},"line":7},"2":{"name":"(anonymous_2)","decl":{"start":{"line":10,"column":29},"end":{"line":10,"column":30}},"loc":{"start":{"line":15,"column":6},"end":{"line":70,"column":1}},"line":15},"3":{"name":"(anonymous_3)","decl":{"start":{"line":16,"column":34},"end":{"line":16,"column":35}},"loc":{"start":{"line":16,"column":40},"end":{"line":67,"column":3}},"line":16}},"branchMap":{"0":{"loc":{"start":{"line":13,"column":2},"end":{"line":13,"column":18}},"type":"default-arg","locations":[{"start":{"line":13,"column":17},"end":{"line":13,"column":18}}],"line":13},"1":{"loc":{"start":{"line":26,"column":4},"end":{"line":28,"column":5}},"type":"if","locations":[{"start":{"line":26,"column":4},"end":{"line":28,"column":5}},{"start":{},"end":{}}],"line":26},"2":{"loc":{"start":{"line":47,"column":4},"end":{"line":52,"column":5}},"type":"if","locations":[{"start":{"line":47,"column":4},"end":{"line":52,"column":5}},{"start":{},"end":{}}],"line":47},"3":{"loc":{"start":{"line":47,"column":8},"end":{"line":47,"column":50}},"type":"binary-expr","locations":[{"start":{"line":47,"column":8},"end":{"line":47,"column":27}},{"start":{"line":47,"column":31},"end":{"line":47,"column":50}}],"line":47},"4":{"loc":{"start":{"line":54,"column":4},"end":{"line":61,"column":5}},"type":"if","locations":[{"start":{"line":54,"column":4},"end":{"line":61,"column":5}},{"start":{},"end":{}}],"line":54},"5":{"loc":{"start":{"line":54,"column":8},"end":{"line":54,"column":50}},"type":"binary-expr","locations":[{"start":{"line":54,"column":8},"end":{"line":54,"column":26}},{"start":{"line":54,"column":30},"end":{"line":54,"column":50}}],"line":54},"6":{"loc":{"start":{"line":63,"column":4},"end":{"line":66,"column":5}},"type":"if","locations":[{"start":{"line":63,"column":4},"end":{"line":66,"column":5}},{"start":{},"end":{}}],"line":63},"7":{"loc":{"start":{"line":63,"column":8},"end":{"line":63,"column":49}},"type":"binary-expr","locations":[{"start":{"line":63,"column":8},"end":{"line":63,"column":26}},{"start":{"line":63,"column":30},"end":{"line":63,"column":49}}],"line":63}},"s":{"0":1,"1":1,"2":10,"3":10,"4":11,"5":1,"6":36,"7":10,"8":10,"9":10,"10":10,"11":0,"12":0,"13":0,"14":0,"15":0,"16":0,"17":0,"18":0,"19":0,"20":0,"21":0,"22":0,"23":0,"24":0,"25":0,"26":0,"27":0,"28":36},"f":{"0":10,"1":11,"2":36,"3":10},"b":{"0":[0],"1":[10,0],"2":[0,0],"3":[0,0],"4":[0,0],"5":[0,0],"6":[0,0],"7":[0,0]},"_coverageSchema":"1a1c01bbd47fc00a2c39e90264f33305004495a9","hash":"54da910164e4551cd373154c91a5efbadf71cfc2"}
,"/Users/satyam.yadav/Dashboard/my-app/src/customHooks/useSortableData.js": {"path":"/Users/satyam.yadav/Dashboard/my-app/src/customHooks/useSortableData.js","statementMap":{"0":{"start":{"line":3,"column":31},"end":{"line":39,"column":1}},"1":{"start":{"line":4,"column":38},"end":{"line":4,"column":54}},"2":{"start":{"line":6,"column":22},"end":{"line":20,"column":25}},"3":{"start":{"line":7,"column":24},"end":{"line":7,"column":47}},"4":{"start":{"line":8,"column":4},"end":{"line":18,"column":5}},"5":{"start":{"line":9,"column":6},"end":{"line":17,"column":9}},"6":{"start":{"line":10,"column":8},"end":{"line":12,"column":9}},"7":{"start":{"line":11,"column":10},"end":{"line":11,"column":63}},"8":{"start":{"line":13,"column":8},"end":{"line":15,"column":9}},"9":{"start":{"line":14,"column":10},"end":{"line":14,"column":63}},"10":{"start":{"line":16,"column":8},"end":{"line":16,"column":17}},"11":{"start":{"line":19,"column":4},"end":{"line":19,"column":25}},"12":{"start":{"line":22,"column":22},"end":{"line":36,"column":3}},"13":{"start":{"line":23,"column":20},"end":{"line":23,"column":31}},"14":{"start":{"line":24,"column":4},"end":{"line":35,"column":5}},"15":{"start":{"line":25,"column":6},"end":{"line":25,"column":25}},"16":{"start":{"line":27,"column":6},"end":{"line":33,"column":7}},"17":{"start":{"line":32,"column":8},"end":{"line":32,"column":33}},"18":{"start":{"line":34,"column":6},"end":{"line":34,"column":40}},"19":{"start":{"line":38,"column":2},"end":{"line":38,"column":72}}},"fnMap":{"0":{"name":"(anonymous_0)","decl":{"start":{"line":3,"column":31},"end":{"line":3,"column":32}},"loc":{"start":{"line":3,"column":62},"end":{"line":39,"column":1}},"line":3},"1":{"name":"(anonymous_1)","decl":{"start":{"line":6,"column":30},"end":{"line":6,"column":31}},"loc":{"start":{"line":6,"column":36},"end":{"line":20,"column":3}},"line":6},"2":{"name":"(anonymous_2)","decl":{"start":{"line":9,"column":25},"end":{"line":9,"column":26}},"loc":{"start":{"line":9,"column":35},"end":{"line":17,"column":7}},"line":9},"3":{"name":"(anonymous_3)","decl":{"start":{"line":22,"column":22},"end":{"line":22,"column":23}},"loc":{"start":{"line":22,"column":40},"end":{"line":36,"column":3}},"line":22}},"branchMap":{"0":{"loc":{"start":{"line":3,"column":32},"end":{"line":3,"column":42}},"type":"default-arg","locations":[{"start":{"line":3,"column":40},"end":{"line":3,"column":42}}],"line":3},"1":{"loc":{"start":{"line":3,"column":44},"end":{"line":3,"column":57}},"type":"default-arg","locations":[{"start":{"line":3,"column":53},"end":{"line":3,"column":57}}],"line":3},"2":{"loc":{"start":{"line":7,"column":24},"end":{"line":7,"column":47}},"type":"cond-expr","locations":[{"start":{"line":7,"column":32},"end":{"line":7,"column":42}},{"start":{"line":7,"column":45},"end":{"line":7,"column":47}}],"line":7},"3":{"loc":{"start":{"line":8,"column":4},"end":{"line":18,"column":5}},"type":"if","locations":[{"start":{"line":8,"column":4},"end":{"line":18,"column":5}},{"start":{},"end":{}}],"line":8},"4":{"loc":{"start":{"line":10,"column":8},"end":{"line":12,"column":9}},"type":"if","locations":[{"start":{"line":10,"column":8},"end":{"line":12,"column":9}},{"start":{},"end":{}}],"line":10},"5":{"loc":{"start":{"line":11,"column":17},"end":{"line":11,"column":62}},"type":"cond-expr","locations":[{"start":{"line":11,"column":56},"end":{"line":11,"column":58}},{"start":{"line":11,"column":61},"end":{"line":11,"column":62}}],"line":11},"6":{"loc":{"start":{"line":13,"column":8},"end":{"line":15,"column":9}},"type":"if","locations":[{"start":{"line":13,"column":8},"end":{"line":15,"column":9}},{"start":{},"end":{}}],"line":13},"7":{"loc":{"start":{"line":14,"column":17},"end":{"line":14,"column":62}},"type":"cond-expr","locations":[{"start":{"line":14,"column":56},"end":{"line":14,"column":57}},{"start":{"line":14,"column":60},"end":{"line":14,"column":62}}],"line":14},"8":{"loc":{"start":{"line":24,"column":4},"end":{"line":35,"column":5}},"type":"if","locations":[{"start":{"line":24,"column":4},"end":{"line":35,"column":5}},{"start":{"line":26,"column":11},"end":{"line":35,"column":5}}],"line":24},"9":{"loc":{"start":{"line":27,"column":6},"end":{"line":33,"column":7}},"type":"if","locations":[{"start":{"line":27,"column":6},"end":{"line":33,"column":7}},{"start":{},"end":{}}],"line":27},"10":{"loc":{"start":{"line":28,"column":8},"end":{"line":30,"column":44}},"type":"binary-expr","locations":[{"start":{"line":28,"column":8},"end":{"line":28,"column":18}},{"start":{"line":29,"column":8},"end":{"line":29,"column":30}},{"start":{"line":30,"column":8},"end":{"line":30,"column":44}}],"line":28}},"s":{"0":1,"1":24,"2":24,"3":15,"4":15,"5":5,"6":82,"7":18,"8":64,"9":13,"10":51,"11":15,"12":24,"13":5,"14":5,"15":3,"16":2,"17":1,"18":2,"19":24},"f":{"0":24,"1":15,"2":82,"3":5},"b":{"0":[0],"1":[24],"2":[15,0],"3":[5,10],"4":[18,64],"5":[6,12],"6":[13,51],"7":[1,12],"8":[3,2],"9":[1,1],"10":[2,1,1]},"_coverageSchema":"1a1c01bbd47fc00a2c39e90264f33305004495a9","hash":"2471e9a963fe897707999faa5cdd24634046bd14"}
,"/Users/satyam.yadav/Dashboard/my-app/src/modules/Dashboard/index.js": {"path":"/Users/satyam.yadav/Dashboard/my-app/src/modules/Dashboard/index.js","statementMap":{"0":{"start":{"line":9,"column":32},"end":{"line":13,"column":4}},"1":{"start":{"line":15,"column":36},"end":{"line":15,"column":51}},"2":{"start":{"line":16,"column":28},"end":{"line":16,"column":77}},"3":{"start":{"line":17,"column":26},"end":{"line":17,"column":38}},"4":{"start":{"line":18,"column":42},"end":{"line":18,"column":54}},"5":{"start":{"line":19,"column":40},"end":{"line":19,"column":51}},"6":{"start":{"line":22,"column":4},"end":{"line":22,"column":33}},"7":{"start":{"line":23,"column":17},"end":{"line":23,"column":60}},"8":{"start":{"line":25,"column":2},"end":{"line":38,"column":9}},"9":{"start":{"line":26,"column":4},"end":{"line":26,"column":23}},"10":{"start":{"line":27,"column":4},"end":{"line":37,"column":9}},"11":{"start":{"line":29,"column":8},"end":{"line":32,"column":9}},"12":{"start":{"line":29,"column":28},"end":{"line":29,"column":42}},"13":{"start":{"line":31,"column":10},"end":{"line":31,"column":34}},"14":{"start":{"line":34,"column":22},"end":{"line":34,"column":35}},"15":{"start":{"line":36,"column":8},"end":{"line":36,"column":28}},"16":{"start":{"line":41,"column":2},"end":{"line":57,"column":13}},"17":{"start":{"line":42,"column":4},"end":{"line":56,"column":5}},"18":{"start":{"line":43,"column":6},"end":{"line":43,"column":28}},"19":{"start":{"line":44,"column":16},"end":{"line":44,"column":33}},"20":{"start":{"line":45,"column":22},"end":{"line":45,"column":45}},"21":{"start":{"line":46,"column":17},"end":{"line":46,"column":35}},"22":{"start":{"line":47,"column":19},"end":{"line":47,"column":39}},"23":{"start":{"line":48,"column":21},"end":{"line":48,"column":43}},"24":{"start":{"line":50,"column":6},"end":{"line":52,"column":7}},"25":{"start":{"line":51,"column":8},"end":{"line":51,"column":47}},"26":{"start":{"line":53,"column":6},"end":{"line":53,"column":30}},"27":{"start":{"line":54,"column":23},"end":{"line":54,"column":41}},"28":{"start":{"line":55,"column":6},"end":{"line":55,"column":55}},"29":{"start":{"line":59,"column":2},"end":{"line":61,"column":19}},"30":{"start":{"line":60,"column":4},"end":{"line":60,"column":39}},"31":{"start":{"line":63,"column":26},"end":{"line":84,"column":3}},"32":{"start":{"line":64,"column":4},"end":{"line":83,"column":5}},"33":{"start":{"line":65,"column":6},"end":{"line":65,"column":79}},"34":{"start":{"line":67,"column":22},"end":{"line":67,"column":24}},"35":{"start":{"line":68,"column":6},"end":{"line":68,"column":57}},"36":{"start":{"line":69,"column":6},"end":{"line":69,"column":63}},"37":{"start":{"line":70,"column":6},"end":{"line":70,"column":69}},"38":{"start":{"line":72,"column":6},"end":{"line":74,"column":7}},"39":{"start":{"line":73,"column":8},"end":{"line":73,"column":52}},"40":{"start":{"line":75,"column":6},"end":{"line":82,"column":7}},"41":{"start":{"line":76,"column":26},"end":{"line":76,"column":56}},"42":{"start":{"line":77,"column":8},"end":{"line":81,"column":10}},"43":{"start":{"line":87,"column":25},"end":{"line":106,"column":3}},"44":{"start":{"line":88,"column":25},"end":{"line":92,"column":12}},"45":{"start":{"line":90,"column":10},"end":{"line":90,"column":43}},"46":{"start":{"line":93,"column":29},"end":{"line":97,"column":20}},"47":{"start":{"line":95,"column":10},"end":{"line":95,"column":59}},"48":{"start":{"line":98,"column":27},"end":{"line":102,"column":24}},"49":{"start":{"line":100,"column":10},"end":{"line":100,"column":47}},"50":{"start":{"line":103,"column":4},"end":{"line":103,"column":22}},"51":{"start":{"line":105,"column":4},"end":{"line":105,"column":36}},"52":{"start":{"line":108,"column":18},"end":{"line":120,"column":3}},"53":{"start":{"line":109,"column":4},"end":{"line":109,"column":18}},"54":{"start":{"line":110,"column":4},"end":{"line":110,"column":22}},"55":{"start":{"line":112,"column":4},"end":{"line":112,"column":26}},"56":{"start":{"line":113,"column":4},"end":{"line":117,"column":7}},"57":{"start":{"line":118,"column":4},"end":{"line":118,"column":24}},"58":{"start":{"line":119,"column":4},"end":{"line":119,"column":26}},"59":{"start":{"line":122,"column":22},"end":{"line":128,"column":3}},"60":{"start":{"line":123,"column":4},"end":{"line":127,"column":7}},"61":{"start":{"line":129,"column":19},"end":{"line":135,"column":3}},"62":{"start":{"line":130,"column":4},"end":{"line":130,"column":27}},"63":{"start":{"line":131,"column":4},"end":{"line":134,"column":5}},"64":{"start":{"line":132,"column":6},"end":{"line":132,"column":41}},"65":{"start":{"line":133,"column":6},"end":{"line":133,"column":30}},"66":{"start":{"line":137,"column":23},"end":{"line":142,"column":3}},"67":{"start":{"line":138,"column":14},"end":{"line":138,"column":31}},"68":{"start":{"line":139,"column":14},"end":{"line":139,"column":32}},"69":{"start":{"line":140,"column":4},"end":{"line":140,"column":40}},"70":{"start":{"line":141,"column":4},"end":{"line":141,"column":43}},"71":{"start":{"line":144,"column":23},"end":{"line":151,"column":3}},"72":{"start":{"line":145,"column":4},"end":{"line":145,"column":51}},"73":{"start":{"line":146,"column":4},"end":{"line":150,"column":7}},"74":{"start":{"line":153,"column":26},"end":{"line":177,"column":3}},"75":{"start":{"line":154,"column":4},"end":{"line":176,"column":5}},"76":{"start":{"line":155,"column":20},"end":{"line":155,"column":22}},"77":{"start":{"line":156,"column":20},"end":{"line":156,"column":48}},"78":{"start":{"line":157,"column":6},"end":{"line":157,"column":35}},"79":{"start":{"line":158,"column":6},"end":{"line":161,"column":7}},"80":{"start":{"line":158,"column":19},"end":{"line":158,"column":20}},"81":{"start":{"line":159,"column":20},"end":{"line":159,"column":50}},"82":{"start":{"line":160,"column":8},"end":{"line":160,"column":42}},"83":{"start":{"line":162,"column":16},"end":{"line":162,"column":56}},"84":{"start":{"line":163,"column":21},"end":{"line":163,"column":37}},"85":{"start":{"line":164,"column":19},"end":{"line":164,"column":46}},"86":{"start":{"line":165,"column":6},"end":{"line":165,"column":24}},"87":{"start":{"line":166,"column":6},"end":{"line":166,"column":41}},"88":{"start":{"line":167,"column":6},"end":{"line":167,"column":42}},"89":{"start":{"line":168,"column":6},"end":{"line":168,"column":40}},"90":{"start":{"line":169,"column":6},"end":{"line":169,"column":21}},"91":{"start":{"line":170,"column":6},"end":{"line":170,"column":40}},"92":{"start":{"line":171,"column":6},"end":{"line":175,"column":9}},"93":{"start":{"line":179,"column":2},"end":{"line":260,"column":4}},"94":{"start":{"line":186,"column":10},"end":{"line":186,"column":55}}},"fnMap":{"0":{"name":"Dashboard","decl":{"start":{"line":8,"column":24},"end":{"line":8,"column":33}},"loc":{"start":{"line":8,"column":36},"end":{"line":261,"column":1}},"line":8},"1":{"name":"(anonymous_1)","decl":{"start":{"line":25,"column":12},"end":{"line":25,"column":13}},"loc":{"start":{"line":25,"column":18},"end":{"line":38,"column":3}},"line":25},"2":{"name":"(anonymous_2)","decl":{"start":{"line":28,"column":12},"end":{"line":28,"column":13}},"loc":{"start":{"line":28,"column":26},"end":{"line":33,"column":7}},"line":28},"3":{"name":"(anonymous_3)","decl":{"start":{"line":34,"column":13},"end":{"line":34,"column":14}},"loc":{"start":{"line":34,"column":22},"end":{"line":34,"column":35}},"line":34},"4":{"name":"(anonymous_4)","decl":{"start":{"line":35,"column":15},"end":{"line":35,"column":16}},"loc":{"start":{"line":35,"column":21},"end":{"line":37,"column":7}},"line":35},"5":{"name":"(anonymous_5)","decl":{"start":{"line":41,"column":12},"end":{"line":41,"column":13}},"loc":{"start":{"line":41,"column":18},"end":{"line":57,"column":3}},"line":41},"6":{"name":"(anonymous_6)","decl":{"start":{"line":59,"column":12},"end":{"line":59,"column":13}},"loc":{"start":{"line":59,"column":18},"end":{"line":61,"column":3}},"line":59},"7":{"name":"(anonymous_7)","decl":{"start":{"line":63,"column":26},"end":{"line":63,"column":27}},"loc":{"start":{"line":63,"column":57},"end":{"line":84,"column":3}},"line":63},"8":{"name":"(anonymous_8)","decl":{"start":{"line":87,"column":25},"end":{"line":87,"column":26}},"loc":{"start":{"line":87,"column":43},"end":{"line":106,"column":3}},"line":87},"9":{"name":"(anonymous_9)","decl":{"start":{"line":89,"column":20},"end":{"line":89,"column":21}},"loc":{"start":{"line":89,"column":29},"end":{"line":91,"column":9}},"line":89},"10":{"name":"(anonymous_10)","decl":{"start":{"line":94,"column":28},"end":{"line":94,"column":29}},"loc":{"start":{"line":94,"column":37},"end":{"line":96,"column":9}},"line":94},"11":{"name":"(anonymous_11)","decl":{"start":{"line":99,"column":32},"end":{"line":99,"column":33}},"loc":{"start":{"line":99,"column":41},"end":{"line":101,"column":9}},"line":99},"12":{"name":"(anonymous_12)","decl":{"start":{"line":108,"column":18},"end":{"line":108,"column":19}},"loc":{"start":{"line":108,"column":24},"end":{"line":120,"column":3}},"line":108},"13":{"name":"(anonymous_13)","decl":{"start":{"line":122,"column":22},"end":{"line":122,"column":23}},"loc":{"start":{"line":122,"column":28},"end":{"line":128,"column":3}},"line":122},"14":{"name":"(anonymous_14)","decl":{"start":{"line":129,"column":19},"end":{"line":129,"column":20}},"loc":{"start":{"line":129,"column":30},"end":{"line":135,"column":3}},"line":129},"15":{"name":"(anonymous_15)","decl":{"start":{"line":137,"column":23},"end":{"line":137,"column":24}},"loc":{"start":{"line":137,"column":34},"end":{"line":142,"column":3}},"line":137},"16":{"name":"(anonymous_16)","decl":{"start":{"line":144,"column":23},"end":{"line":144,"column":24}},"loc":{"start":{"line":144,"column":29},"end":{"line":151,"column":3}},"line":144},"17":{"name":"(anonymous_17)","decl":{"start":{"line":153,"column":26},"end":{"line":153,"column":27}},"loc":{"start":{"line":153,"column":32},"end":{"line":177,"column":3}},"line":153},"18":{"name":"(anonymous_18)","decl":{"start":{"line":185,"column":17},"end":{"line":185,"column":18}},"loc":{"start":{"line":185,"column":23},"end":{"line":187,"column":9}},"line":185}},"branchMap":{"0":{"loc":{"start":{"line":29,"column":8},"end":{"line":32,"column":9}},"type":"if","locations":[{"start":{"line":29,"column":8},"end":{"line":32,"column":9}},{"start":{"line":30,"column":13},"end":{"line":32,"column":9}}],"line":29},"1":{"loc":{"start":{"line":42,"column":4},"end":{"line":56,"column":5}},"type":"if","locations":[{"start":{"line":42,"column":4},"end":{"line":56,"column":5}},{"start":{},"end":{}}],"line":42},"2":{"loc":{"start":{"line":50,"column":6},"end":{"line":52,"column":7}},"type":"if","locations":[{"start":{"line":50,"column":6},"end":{"line":52,"column":7}},{"start":{},"end":{}}],"line":50},"3":{"loc":{"start":{"line":50,"column":10},"end":{"line":50,"column":36}},"type":"binary-expr","locations":[{"start":{"line":50,"column":10},"end":{"line":50,"column":14}},{"start":{"line":50,"column":18},"end":{"line":50,"column":24}},{"start":{"line":50,"column":28},"end":{"line":50,"column":36}}],"line":50},"4":{"loc":{"start":{"line":55,"column":6},"end":{"line":55,"column":54}},"type":"binary-expr","locations":[{"start":{"line":55,"column":6},"end":{"line":55,"column":21}},{"start":{"line":55,"column":25},"end":{"line":55,"column":54}}],"line":55},"5":{"loc":{"start":{"line":63,"column":27},"end":{"line":63,"column":40}},"type":"default-arg","locations":[{"start":{"line":63,"column":35},"end":{"line":63,"column":40}}],"line":63},"6":{"loc":{"start":{"line":64,"column":4},"end":{"line":83,"column":5}},"type":"if","locations":[{"start":{"line":64,"column":4},"end":{"line":83,"column":5}},{"start":{"line":66,"column":11},"end":{"line":83,"column":5}}],"line":64},"7":{"loc":{"start":{"line":68,"column":6},"end":{"line":68,"column":56}},"type":"binary-expr","locations":[{"start":{"line":68,"column":6},"end":{"line":68,"column":18}},{"start":{"line":68,"column":23},"end":{"line":68,"column":55}}],"line":68},"8":{"loc":{"start":{"line":69,"column":6},"end":{"line":69,"column":62}},"type":"binary-expr","locations":[{"start":{"line":69,"column":6},"end":{"line":69,"column":20}},{"start":{"line":69,"column":25},"end":{"line":69,"column":61}}],"line":69},"9":{"loc":{"start":{"line":70,"column":6},"end":{"line":70,"column":68}},"type":"binary-expr","locations":[{"start":{"line":70,"column":6},"end":{"line":70,"column":22}},{"start":{"line":70,"column":27},"end":{"line":70,"column":67}}],"line":70},"10":{"loc":{"start":{"line":72,"column":6},"end":{"line":74,"column":7}},"type":"if","locations":[{"start":{"line":72,"column":6},"end":{"line":74,"column":7}},{"start":{},"end":{}}],"line":72},"11":{"loc":{"start":{"line":75,"column":6},"end":{"line":82,"column":7}},"type":"if","locations":[{"start":{"line":75,"column":6},"end":{"line":82,"column":7}},{"start":{},"end":{}}],"line":75},"12":{"loc":{"start":{"line":87,"column":26},"end":{"line":87,"column":38}},"type":"default-arg","locations":[{"start":{"line":87,"column":36},"end":{"line":87,"column":38}}],"line":87},"13":{"loc":{"start":{"line":88,"column":25},"end":{"line":92,"column":12}},"type":"cond-expr","locations":[{"start":{"line":89,"column":8},"end":{"line":91,"column":10}},{"start":{"line":92,"column":8},"end":{"line":92,"column":12}}],"line":88},"14":{"loc":{"start":{"line":93,"column":29},"end":{"line":97,"column":20}},"type":"cond-expr","locations":[{"start":{"line":94,"column":8},"end":{"line":96,"column":10}},{"start":{"line":97,"column":8},"end":{"line":97,"column":20}}],"line":93},"15":{"loc":{"start":{"line":98,"column":27},"end":{"line":102,"column":24}},"type":"cond-expr","locations":[{"start":{"line":99,"column":8},"end":{"line":101,"column":10}},{"start":{"line":102,"column":8},"end":{"line":102,"column":24}}],"line":98},"16":{"loc":{"start":{"line":131,"column":4},"end":{"line":134,"column":5}},"type":"if","locations":[{"start":{"line":131,"column":4},"end":{"line":134,"column":5}},{"start":{},"end":{}}],"line":131},"17":{"loc":{"start":{"line":131,"column":8},"end":{"line":131,"column":58}},"type":"binary-expr","locations":[{"start":{"line":131,"column":8},"end":{"line":131,"column":20}},{"start":{"line":131,"column":24},"end":{"line":131,"column":38}},{"start":{"line":131,"column":42},"end":{"line":131,"column":58}}],"line":131},"18":{"loc":{"start":{"line":154,"column":4},"end":{"line":176,"column":5}},"type":"if","locations":[{"start":{"line":154,"column":4},"end":{"line":176,"column":5}},{"start":{},"end":{}}],"line":154},"19":{"loc":{"start":{"line":221,"column":30},"end":{"line":221,"column":68}},"type":"cond-expr","locations":[{"start":{"line":221,"column":45},"end":{"line":221,"column":64}},{"start":{"line":221,"column":67},"end":{"line":221,"column":68}}],"line":221},"20":{"loc":{"start":{"line":243,"column":32},"end":{"line":243,"column":64}},"type":"cond-expr","locations":[{"start":{"line":243,"column":52},"end":{"line":243,"column":57}},{"start":{"line":243,"column":60},"end":{"line":243,"column":64}}],"line":243}},"s":{"0":25,"1":24,"2":24,"3":24,"4":24,"5":24,"6":24,"7":24,"8":24,"9":4,"10":4,"11":3,"12":0,"13":3,"14":1,"15":4,"16":24,"17":7,"18":7,"19":7,"20":7,"21":7,"22":7,"23":7,"24":7,"25":0,"26":7,"27":7,"28":7,"29":24,"30":9,"31":24,"32":11,"33":1,"34":10,"35":10,"36":10,"37":10,"38":10,"39":5,"40":10,"41":6,"42":6,"43":24,"44":8,"45":12,"46":8,"47":1,"48":8,"49":0,"50":8,"51":8,"52":24,"53":1,"54":1,"55":1,"56":1,"57":1,"58":1,"59":24,"60":1,"61":24,"62":1,"63":1,"64":1,"65":1,"66":24,"67":2,"68":2,"69":2,"70":2,"71":24,"72":0,"73":0,"74":24,"75":1,"76":1,"77":1,"78":1,"79":1,"80":1,"81":12,"82":12,"83":1,"84":1,"85":1,"86":1,"87":1,"88":1,"89":1,"90":1,"91":1,"92":1,"93":24,"94":0},"f":{"0":25,"1":4,"2":3,"3":1,"4":4,"5":7,"6":9,"7":11,"8":8,"9":12,"10":1,"11":0,"12":1,"13":1,"14":1,"15":2,"16":0,"17":1,"18":0},"b":{"0":[0,3],"1":[7,0],"2":[0,7],"3":[7,7,7],"4":[7,3],"5":[0],"6":[1,10],"7":[10,1],"8":[10,0],"9":[10,1],"10":[5,5],"11":[6,4],"12":[0],"13":[1,7],"14":[1,7],"15":[0,8],"16":[1,0],"17":[1,0,0],"18":[1,0],"19":[24,0],"20":[11,13]},"_coverageSchema":"1a1c01bbd47fc00a2c39e90264f33305004495a9","hash":"50888b1261a51a6410c63a28bcfd52b8c1564edc"}
,"/Users/satyam.yadav/Dashboard/my-app/src/utils/constants.js": {"path":"/Users/satyam.yadav/Dashboard/my-app/src/utils/constants.js","statementMap":{"0":{"start":{"line":1,"column":25},"end":{"line":1,"column":65}},"1":{"start":{"line":1,"column":34},"end":{"line":1,"column":65}},"2":{"start":{"line":2,"column":25},"end":{"line":11,"column":1}},"3":{"start":{"line":13,"column":24},"end":{"line":134,"column":1}}},"fnMap":{"0":{"name":"(anonymous_0)","decl":{"start":{"line":1,"column":25},"end":{"line":1,"column":26}},"loc":{"start":{"line":1,"column":34},"end":{"line":1,"column":65}},"line":1}},"branchMap":{},"s":{"0":1,"1":0,"2":1,"3":1},"f":{"0":0},"b":{},"_coverageSchema":"1a1c01bbd47fc00a2c39e90264f33305004495a9","hash":"ce2b8ab74b5316a957a750c0509678fe1e8cd6e4"}
}
