TN:
SF:src/index.js
FNF:0
FNH:0
DA:9,0
DA:20,0
LF:2
LH:0
BRF:0
BRH:0
end_of_record
TN:
SF:src/apis/axiosInstances/CandidateService.js
FN:10,(anonymous_0)
FN:11,(anonymous_1)
FNF:2
FNH:0
FNDA:0,(anonymous_0)
FNDA:0,(anonymous_1)
DA:4,0
DA:9,0
DA:10,0
DA:12,0
LF:4
LH:0
BRF:0
BRH:0
end_of_record
TN:
SF:src/components/Badge/index.js
FN:4,(anonymous_0)
FNF:1
FNH:1
FNDA:24,(anonymous_0)
DA:4,1
DA:5,24
DA:7,1
LF:3
LH:3
BRF:0
BRH:0
end_of_record
TN:
SF:src/components/Card/index.js
FN:5,(anonymous_0)
FNF:1
FNH:1
FNDA:72,(anonymous_0)
DA:5,1
DA:6,72
DA:13,1
LF:3
LH:3
BRDA:5,0,0,72
BRDA:8,1,0,72
BRDA:8,1,1,48
BRF:3
BRH:3
end_of_record
TN:
SF:src/components/Filters/index.js
FN:5,(anonymous_0)
FN:16,(anonymous_1)
FN:27,(anonymous_2)
FN:36,(anonymous_3)
FNF:4
FNH:3
FNDA:24,(anonymous_0)
FNDA:1,(anonymous_1)
FNDA:1,(anonymous_2)
FNDA:0,(anonymous_3)
DA:5,1
DA:6,24
DA:16,1
DA:27,1
DA:36,0
DA:60,1
LF:6
LH:5
BRDA:39,0,0,24
BRDA:39,0,1,24
BRF:2
BRH:2
end_of_record
TN:
SF:src/components/Loader/index.js
FN:5,(anonymous_0)
FNF:1
FNH:1
FNDA:24,(anonymous_0)
DA:5,1
DA:6,24
DA:25,1
DA:29,1
LF:4
LH:4
BRDA:6,0,0,8
BRDA:6,0,1,16
BRF:2
BRH:2
end_of_record
TN:
SF:src/components/Pagination/index.js
FN:6,(anonymous_0)
FN:27,(anonymous_1)
FN:31,(anonymous_2)
FN:48,(anonymous_3)
FN:58,(anonymous_4)
FNF:5
FNH:3
FNDA:37,(anonymous_0)
FNDA:0,(anonymous_1)
FNDA:0,(anonymous_2)
FNDA:34,(anonymous_3)
FNDA:1,(anonymous_4)
DA:6,1
DA:14,37
DA:16,36
DA:23,36
DA:24,19
DA:27,17
DA:28,0
DA:31,17
DA:32,0
DA:35,17
DA:36,17
DA:49,34
DA:50,0
DA:53,34
DA:58,1
DA:76,1
LF:16
LH:13
BRDA:10,0,0,36
BRDA:23,1,0,19
BRDA:23,1,1,17
BRDA:23,2,0,36
BRDA:23,2,1,36
BRDA:49,3,0,0
BRDA:49,3,1,34
BRF:7
BRH:6
end_of_record
TN:
SF:src/components/Table/index.js
FN:10,(anonymous_0)
FN:13,(anonymous_1)
FN:17,(anonymous_2)
FN:23,(anonymous_3)
FN:35,(anonymous_4)
FN:41,(anonymous_5)
FN:53,(anonymous_6)
FN:92,(anonymous_7)
FNF:8
FNH:8
FNDA:36,(anonymous_0)
FNDA:16,(anonymous_1)
FNDA:18,(anonymous_2)
FNDA:2,(anonymous_3)
FNDA:288,(anonymous_4)
FNDA:2,(anonymous_5)
FNDA:134,(anonymous_6)
FNDA:1,(anonymous_7)
DA:9,1
DA:10,1
DA:11,36
DA:13,36
DA:14,16
DA:17,36
DA:18,18
DA:19,18
DA:20,18
DA:23,36
DA:24,2
DA:25,2
DA:28,36
DA:36,288
DA:41,2
DA:54,134
DA:92,1
DA:99,1
LF:18
LH:18
BRDA:36,0,0,108
BRDA:36,0,1,180
BRDA:51,1,0,16
BRDA:51,1,1,20
BRDA:68,2,0,68
BRDA:68,2,1,66
BRDA:70,3,0,66
BRDA:70,3,1,0
BRDA:86,4,0,36
BRDA:86,4,1,36
BRF:10
BRH:9
end_of_record
TN:
SF:src/components/Tag/index.js
FN:5,(anonymous_0)
FN:6,capitalize
FN:9,(anonymous_2)
FNF:3
FNH:3
FNDA:134,(anonymous_0)
FNDA:134,capitalize
FNDA:134,(anonymous_2)
DA:5,1
DA:7,134
DA:8,134
DA:9,134
DA:10,134
DA:14,134
DA:16,134
DA:22,1
LF:8
LH:8
BRF:0
BRH:0
end_of_record
TN:
SF:src/customHooks/usePagination.js
FN:5,(anonymous_0)
FN:7,(anonymous_1)
FN:10,(anonymous_2)
FN:16,(anonymous_3)
FNF:4
FNH:4
FNDA:10,(anonymous_0)
FNDA:11,(anonymous_1)
FNDA:36,(anonymous_2)
FNDA:10,(anonymous_3)
DA:3,1
DA:5,1
DA:6,10
DA:7,11
DA:10,1
DA:16,36
DA:17,10
DA:20,10
DA:26,10
DA:27,10
DA:30,0
DA:31,0
DA:41,0
DA:42,0
DA:44,0
DA:45,0
DA:47,0
DA:48,0
DA:49,0
DA:51,0
DA:54,0
DA:55,0
DA:56,0
DA:60,0
DA:63,0
DA:64,0
DA:65,0
DA:69,36
LF:28
LH:11
BRDA:13,0,0,0
BRDA:26,1,0,10
BRDA:26,1,1,0
BRDA:47,2,0,0
BRDA:47,2,1,0
BRDA:47,3,0,0
BRDA:47,3,1,0
BRDA:54,4,0,0
BRDA:54,4,1,0
BRDA:54,5,0,0
BRDA:54,5,1,0
BRDA:63,6,0,0
BRDA:63,6,1,0
BRDA:63,7,0,0
BRDA:63,7,1,0
BRF:15
BRH:1
end_of_record
TN:
SF:src/customHooks/useSortableData.js
FN:3,(anonymous_0)
FN:6,(anonymous_1)
FN:9,(anonymous_2)
FN:22,(anonymous_3)
FNF:4
FNH:4
FNDA:24,(anonymous_0)
FNDA:15,(anonymous_1)
FNDA:82,(anonymous_2)
FNDA:5,(anonymous_3)
DA:3,1
DA:4,24
DA:6,24
DA:7,15
DA:8,15
DA:9,5
DA:10,82
DA:11,18
DA:13,64
DA:14,13
DA:16,51
DA:19,15
DA:22,24
DA:23,5
DA:24,5
DA:25,3
DA:27,2
DA:32,1
DA:34,2
DA:38,24
LF:20
LH:20
BRDA:3,0,0,0
BRDA:3,1,0,24
BRDA:7,2,0,15
BRDA:7,2,1,0
BRDA:8,3,0,5
BRDA:8,3,1,10
BRDA:10,4,0,18
BRDA:10,4,1,64
BRDA:11,5,0,6
BRDA:11,5,1,12
BRDA:13,6,0,13
BRDA:13,6,1,51
BRDA:14,7,0,1
BRDA:14,7,1,12
BRDA:24,8,0,3
BRDA:24,8,1,2
BRDA:27,9,0,1
BRDA:27,9,1,1
BRDA:28,10,0,2
BRDA:28,10,1,1
BRDA:28,10,2,1
BRF:21
BRH:19
end_of_record
TN:
SF:src/modules/Dashboard/index.js
FN:8,Dashboard
FN:25,(anonymous_1)
FN:28,(anonymous_2)
FN:34,(anonymous_3)
FN:35,(anonymous_4)
FN:41,(anonymous_5)
FN:59,(anonymous_6)
FN:63,(anonymous_7)
FN:87,(anonymous_8)
FN:89,(anonymous_9)
FN:94,(anonymous_10)
FN:99,(anonymous_11)
FN:108,(anonymous_12)
FN:122,(anonymous_13)
FN:129,(anonymous_14)
FN:137,(anonymous_15)
FN:144,(anonymous_16)
FN:153,(anonymous_17)
FN:185,(anonymous_18)
FNF:19
FNH:16
FNDA:25,Dashboard
FNDA:4,(anonymous_1)
FNDA:3,(anonymous_2)
FNDA:1,(anonymous_3)
FNDA:4,(anonymous_4)
FNDA:7,(anonymous_5)
FNDA:9,(anonymous_6)
FNDA:11,(anonymous_7)
FNDA:8,(anonymous_8)
FNDA:12,(anonymous_9)
FNDA:1,(anonymous_10)
FNDA:0,(anonymous_11)
FNDA:1,(anonymous_12)
FNDA:1,(anonymous_13)
FNDA:1,(anonymous_14)
FNDA:2,(anonymous_15)
FNDA:0,(anonymous_16)
FNDA:1,(anonymous_17)
FNDA:0,(anonymous_18)
DA:9,25
DA:15,24
DA:16,24
DA:17,24
DA:18,24
DA:19,24
DA:22,24
DA:23,24
DA:25,24
DA:26,4
DA:27,4
DA:29,3
DA:31,3
DA:34,1
DA:36,4
DA:41,24
DA:42,7
DA:43,7
DA:44,7
DA:45,7
DA:46,7
DA:47,7
DA:48,7
DA:50,7
DA:51,0
DA:53,7
DA:54,7
DA:55,7
DA:59,24
DA:60,9
DA:63,24
DA:64,11
DA:65,1
DA:67,10
DA:68,10
DA:69,10
DA:70,10
DA:72,10
DA:73,5
DA:75,10
DA:76,6
DA:77,6
DA:87,24
DA:88,8
DA:90,12
DA:93,8
DA:95,1
DA:98,8
DA:100,0
DA:103,8
DA:105,8
DA:108,24
DA:109,1
DA:110,1
DA:112,1
DA:113,1
DA:118,1
DA:119,1
DA:122,24
DA:123,1
DA:129,24
DA:130,1
DA:131,1
DA:132,1
DA:133,1
DA:137,24
DA:138,2
DA:139,2
DA:140,2
DA:141,2
DA:144,24
DA:145,0
DA:146,0
DA:153,24
DA:154,1
DA:155,1
DA:156,1
DA:157,1
DA:158,1
DA:159,12
DA:160,12
DA:162,1
DA:163,1
DA:164,1
DA:165,1
DA:166,1
DA:167,1
DA:168,1
DA:169,1
DA:170,1
DA:171,1
DA:179,24
DA:186,0
LF:93
LH:88
BRDA:29,0,0,0
BRDA:29,0,1,3
BRDA:42,1,0,7
BRDA:42,1,1,0
BRDA:50,2,0,0
BRDA:50,2,1,7
BRDA:50,3,0,7
BRDA:50,3,1,7
BRDA:50,3,2,7
BRDA:55,4,0,7
BRDA:55,4,1,3
BRDA:63,5,0,0
BRDA:64,6,0,1
BRDA:64,6,1,10
BRDA:68,7,0,10
BRDA:68,7,1,1
BRDA:69,8,0,10
BRDA:69,8,1,0
BRDA:70,9,0,10
BRDA:70,9,1,1
BRDA:72,10,0,5
BRDA:72,10,1,5
BRDA:75,11,0,6
BRDA:75,11,1,4
BRDA:87,12,0,0
BRDA:88,13,0,1
BRDA:88,13,1,7
BRDA:93,14,0,1
BRDA:93,14,1,7
BRDA:98,15,0,0
BRDA:98,15,1,8
BRDA:131,16,0,1
BRDA:131,16,1,0
BRDA:131,17,0,1
BRDA:131,17,1,0
BRDA:131,17,2,0
BRDA:154,18,0,1
BRDA:154,18,1,0
BRDA:221,19,0,24
BRDA:221,19,1,0
BRDA:243,20,0,11
BRDA:243,20,1,13
BRF:42
BRH:30
end_of_record
TN:
SF:src/utils/constants.js
FN:1,(anonymous_0)
FNF:1
FNH:0
FNDA:0,(anonymous_0)
DA:1,1
DA:2,1
DA:13,1
LF:3
LH:3
BRF:0
BRH:0
end_of_record
